

================================================================
== Vivado HLS Report for 'fft1d_0_Block_codeRe'
================================================================
* Date:           Fri May  1 00:15:21 2020

* Version:        2019.1 (Build 2552052 on Fri May 24 15:28:33 MDT 2019)
* Project:        proj
* Solution:       solution1
* Product family: zynquplus
* Target device:  xczu7ev-ffvc1156-2-e


================================================================
== Performance Estimates
================================================================
+ Timing (ns): 
    * Summary: 
    +--------+-------+----------+------------+
    |  Clock | Target| Estimated| Uncertainty|
    +--------+-------+----------+------------+
    |ap_clk  |   2.50|     1.094|        0.31|
    +--------+-------+----------+------------+

+ Latency (clock cycles): 
    * Summary: 
    +-----+-----+-----+-----+---------+
    |  Latency  |  Interval | Pipeline|
    | min | max | min | max |   Type  |
    +-----+-----+-----+-----+---------+
    |    0|    0|    0|    0|   none  |
    +-----+-----+-----+-----+---------+

    + Detail: 
        * Instance: 
        N/A

        * Loop: 
        N/A

============================================================
+ Verbose Summary: Synthesis Manager
============================================================
InlineROM: 1
ExposeGlobal: 0
============================================================
+ Verbose Summary: CDFG Model
============================================================
IsTopModel: 0
ResetActiveHigh: 1
IsCombinational: 2
IsDatapathOnly: 0
HasWiredReturn: 1
HasMFsm: 0
HasVarLatency: 0
IsPipeline: 0
IsRtlPipelined: 0
IsInstanceOverlapped: 0
IsDontTouch: 0
HasImplIP: 0
IsGatedGlobalClock: 0


============================================================
+ Verbose Summary: Schedule
============================================================
* Number of FSM states : 1
* Pipeline : 0
* Dataflow Pipeline: 0

* FSM state transitions: 
1 --> 

* FSM state operations: 

State 1 <SV = 0> <Delay = 1.09>
ST_1 : Operation 2 [1/1] (0.00ns)   --->   "call void (...)* @_ssdm_op_SpecInterface(i8* %config_data_V_1, [8 x i8]* @ap_fifo_str, i32 0, i32 0, [1 x i8]* @p_str187, i32 0, i32 0, [1 x i8]* @p_str188, [1 x i8]* @p_str189, [1 x i8]* @p_str190, i32 2, i32 2, i32 16, i32 16, [1 x i8]* @p_str191, [1 x i8]* @p_str192)"   --->   Operation 2 'specinterface' <Predicate = true> <Delay = 0.00>
ST_1 : Operation 3 [1/1] (1.09ns)   --->   "call void @_ssdm_op_Write.ap_fifo.i8P(i8* %config_data_V_1, i8 1)" [/opt/Xilinx/Vivado/2019.1/common/technology/autopilot/hls_fft.h:267->fft2d_top.cpp:19->fft2d_top.cpp:67]   --->   Operation 3 'write' <Predicate = true> <Delay = 1.09> <Core = "FIFO_SRL">   --->   Core 36 'FIFO_SRL' <Latency = 0> <II = 1> <Delay = 1.83> <Storage> <Opcode : 'read' 'write' 'nbread' 'nbwrite'> <Ports = 0> <Width = 8> <Depth = 0> <FIFO>
ST_1 : Operation 4 [1/1] (0.00ns)   --->   "ret void"   --->   Operation 4 'ret' <Predicate = true> <Delay = 0.00>


============================================================
+ Verbose Summary: Timing violations
============================================================
Target clock period: 2.5ns, clock uncertainty: 0.312ns.

 <State 1>: 1.09ns
The critical path consists of the following:
	fifo write on port 'config_data_V_1' (/opt/Xilinx/Vivado/2019.1/common/technology/autopilot/hls_fft.h:267->fft2d_top.cpp:19->fft2d_top.cpp:67) [3]  (1.09 ns)


============================================================
+ Verbose Summary: Binding
============================================================
N/A
* FSMD analyzer results:
  - Output states:
 - Input state : 
  - Chain level:
	State 1


============================================================
+ Verbose Summary: Datapath Resource usage 
============================================================
N/A
