

================================================================
== Vivado HLS Report for 'Loop_l_rd_xn_proc23'
================================================================
* Date:           Fri May  1 00:15:20 2020

* Version:        2019.1 (Build 2552052 on Fri May 24 15:28:33 MDT 2019)
* Project:        proj
* Solution:       solution1
* Product family: zynquplus
* Target device:  xczu7ev-ffvc1156-2-e


================================================================
== Performance Estimates
================================================================
+ Timing (ns): 
    * Summary: 
    +--------+-------+----------+------------+
    |  Clock | Target| Estimated| Uncertainty|
    +--------+-------+----------+------------+
    |ap_clk  |   2.50|     1.094|        0.31|
    +--------+-------+----------+------------+

+ Latency (clock cycles): 
    * Summary: 
    +------+------+------+------+---------+
    |   Latency   |   Interval  | Pipeline|
    |  min |  max |  min |  max |   Type  |
    +------+------+------+------+---------+
    |  1026|  1026|  1026|  1026|   none  |
    +------+------+------+------+---------+

    + Detail: 
        * Instance: 
        N/A

        * Loop: 
        +-----------+------+------+----------+-----------+-----------+------+----------+
        |           |   Latency   | Iteration|  Initiation Interval  | Trip |          |
        | Loop Name |  min |  max |  Latency |  achieved |   target  | Count| Pipelined|
        +-----------+------+------+----------+-----------+-----------+------+----------+
        |- l_rd_xn  |  1024|  1024|         2|          1|          1|  1024|    yes   |
        +-----------+------+------+----------+-----------+-----------+------+----------+

============================================================
+ Verbose Summary: Synthesis Manager
============================================================
InlineROM: 1
ExposeGlobal: 0
============================================================
+ Verbose Summary: CDFG Model
============================================================
IsTopModel: 0
ResetActiveHigh: 1
IsCombinational: 2
IsDatapathOnly: 0
HasWiredReturn: 1
HasMFsm: 0
HasVarLatency: 1
IsPipeline: 0
IsRtlPipelined: 0
IsInstanceOverlapped: 0
IsDontTouch: 0
HasImplIP: 0
IsGatedGlobalClock: 0

+ Individual pipeline summary: 
  * Pipeline-0: initiation interval (II) = 1, depth = 2


============================================================
+ Verbose Summary: Schedule
============================================================
* Number of FSM states : 4
* Pipeline : 1
  Pipeline-0 : II = 1, D = 2, States = { 2 3 }
* Dataflow Pipeline: 0

* FSM state transitions: 
1 --> 2 
2 --> 4 3 
3 --> 2 
4 --> 

* FSM state operations: 

State 1 <SV = 0> <Delay = 0.65>
ST_1 : Operation 5 [1/1] (0.00ns)   --->   "call void (...)* @_ssdm_op_SpecInterface(i1* %xn_last, i64* %xn_data, [5 x i8]* @p_str2, i32 1, i32 1, [5 x i8]* @p_str3, i32 0, i32 1024, [1 x i8]* @p_str1, [1 x i8]* @p_str1, [1 x i8]* @p_str1, i32 0, i32 0, i32 0, i32 0, [1 x i8]* @p_str1, [1 x i8]* @p_str1)"   --->   Operation 5 'specinterface' <Predicate = true> <Delay = 0.00>
ST_1 : Operation 6 [1/1] (0.00ns)   --->   "call void (...)* @_ssdm_op_SpecInterface(i64* %xn_fifo_V, [8 x i8]* @ap_fifo_str, i32 0, i32 0, [1 x i8]* @p_str69, i32 0, i32 0, [1 x i8]* @p_str70, [1 x i8]* @p_str71, [1 x i8]* @p_str72, i32 2, i32 2, i32 16, i32 16, [1 x i8]* @p_str73, [1 x i8]* @p_str74)"   --->   Operation 6 'specinterface' <Predicate = true> <Delay = 0.00>
ST_1 : Operation 7 [1/1] (0.65ns)   --->   "br label %0"   --->   Operation 7 'br' <Predicate = true> <Delay = 0.65>

State 2 <SV = 1> <Delay = 0.94>
ST_2 : Operation 8 [1/1] (0.00ns)   --->   "%i_0_i_i = phi i11 [ 0, %newFuncRoot ], [ %i, %l_rd_xn ]"   --->   Operation 8 'phi' 'i_0_i_i' <Predicate = true> <Delay = 0.00>
ST_2 : Operation 9 [1/1] (0.94ns)   --->   "%icmp_ln118 = icmp eq i11 %i_0_i_i, -1024" [fft2d_top.cpp:118]   --->   Operation 9 'icmp' 'icmp_ln118' <Predicate = true> <Delay = 0.94> <Core = "Cmp">   --->   Core 25 'Cmp' <Latency = 0> <II = 1> <Delay = 0.94> <FuncUnit> <Opcode : 'icmp'> <InPorts = 2> <OutPorts = 1>
ST_2 : Operation 10 [1/1] (0.00ns)   --->   "%empty = call i32 (...)* @_ssdm_op_SpecLoopTripCount(i64 1024, i64 1024, i64 1024)"   --->   Operation 10 'speclooptripcount' 'empty' <Predicate = true> <Delay = 0.00>
ST_2 : Operation 11 [1/1] (0.79ns)   --->   "%i = add i11 %i_0_i_i, 1" [fft2d_top.cpp:118]   --->   Operation 11 'add' 'i' <Predicate = true> <Delay = 0.79> <Core = "AddSub">   --->   Core 14 'AddSub' <Latency = 0> <II = 1> <Delay = 0.79> <FuncUnit> <Opcode : 'add' 'sub'> <InPorts = 2> <OutPorts = 1>
ST_2 : Operation 12 [1/1] (0.00ns)   --->   "br i1 %icmp_ln118, label %.preheader37.exitStub, label %l_rd_xn" [fft2d_top.cpp:118]   --->   Operation 12 'br' <Predicate = true> <Delay = 0.00>
ST_2 : Operation 13 [1/1] (0.00ns)   --->   "%empty_42 = call { i1, i64 } @_ssdm_op_Read.axis.volatile.i1P.i64P(i1* %xn_last, i64* %xn_data)" [fft2d_top.cpp:122]   --->   Operation 13 'read' 'empty_42' <Predicate = (!icmp_ln118)> <Delay = 0.00> <Core = "AXI4Stream">   --->   Core 5 'AXI4Stream' <Latency = 0> <II = 1> <Delay = 1.00> <Adapter> <Opcode : >
ST_2 : Operation 14 [1/1] (0.00ns)   --->   "%tmp = extractvalue { i1, i64 } %empty_42, 1" [fft2d_top.cpp:122]   --->   Operation 14 'extractvalue' 'tmp' <Predicate = (!icmp_ln118)> <Delay = 0.00>

State 3 <SV = 2> <Delay = 1.09>
ST_3 : Operation 15 [1/1] (0.00ns)   --->   "call void (...)* @_ssdm_op_SpecLoopName([8 x i8]* @p_str5) nounwind" [fft2d_top.cpp:119]   --->   Operation 15 'specloopname' <Predicate = (!icmp_ln118)> <Delay = 0.00>
ST_3 : Operation 16 [1/1] (0.00ns)   --->   "%tmp_8 = call i32 (...)* @_ssdm_op_SpecRegionBegin([8 x i8]* @p_str5)" [fft2d_top.cpp:119]   --->   Operation 16 'specregionbegin' 'tmp_8' <Predicate = (!icmp_ln118)> <Delay = 0.00>
ST_3 : Operation 17 [1/1] (0.00ns)   --->   "call void (...)* @_ssdm_op_SpecPipeline(i32 -1, i32 1, i32 1, i32 0, [1 x i8]* @p_str1) nounwind" [fft2d_top.cpp:120]   --->   Operation 17 'specpipeline' <Predicate = (!icmp_ln118)> <Delay = 0.00>
ST_3 : Operation 18 [1/1] (1.09ns)   --->   "call void @_ssdm_op_Write.ap_fifo.volatile.i64P(i64* %xn_fifo_V, i64 %tmp)" [fft2d_top.cpp:123]   --->   Operation 18 'write' <Predicate = (!icmp_ln118)> <Delay = 1.09> <Core = "FIFO_SRL">   --->   Core 36 'FIFO_SRL' <Latency = 0> <II = 1> <Delay = 1.83> <Storage> <Opcode : 'read' 'write' 'nbread' 'nbwrite'> <Ports = 0> <Width = 64> <Depth = 0> <FIFO>
ST_3 : Operation 19 [1/1] (0.00ns)   --->   "%empty_43 = call i32 (...)* @_ssdm_op_SpecRegionEnd([8 x i8]* @p_str5, i32 %tmp_8)" [fft2d_top.cpp:124]   --->   Operation 19 'specregionend' 'empty_43' <Predicate = (!icmp_ln118)> <Delay = 0.00>
ST_3 : Operation 20 [1/1] (0.00ns)   --->   "br label %0" [fft2d_top.cpp:118]   --->   Operation 20 'br' <Predicate = (!icmp_ln118)> <Delay = 0.00>

State 4 <SV = 2> <Delay = 0.00>
ST_4 : Operation 21 [1/1] (0.00ns)   --->   "ret void"   --->   Operation 21 'ret' <Predicate = true> <Delay = 0.00>


============================================================
+ Verbose Summary: Timing violations
============================================================
Target clock period: 2.5ns, clock uncertainty: 0.312ns.

 <State 1>: 0.656ns
The critical path consists of the following:
	multiplexor before 'phi' operation ('i') with incoming values : ('i', fft2d_top.cpp:118) [8]  (0.656 ns)

 <State 2>: 0.944ns
The critical path consists of the following:
	'phi' operation ('i') with incoming values : ('i', fft2d_top.cpp:118) [8]  (0 ns)
	'icmp' operation ('icmp_ln118', fft2d_top.cpp:118) [9]  (0.944 ns)

 <State 3>: 1.09ns
The critical path consists of the following:
	fifo write on port 'xn_fifo_V' (fft2d_top.cpp:123) [19]  (1.09 ns)

 <State 4>: 0ns
The critical path consists of the following:


============================================================
+ Verbose Summary: Binding
============================================================
N/A
* FSMD analyzer results:
  - Output states:
 - Input state : 
  - Chain level:
	State 1
	State 2
	State 3
	State 4


============================================================
+ Verbose Summary: Datapath Resource usage 
============================================================
N/A
