

================================================================
== Vivado HLS Report for 'fft1d_0_Block_codeRe'
================================================================
* Date:           Fri May  1 00:15:29 2020

* Version:        2019.1 (Build 2552052 on Fri May 24 15:28:33 MDT 2019)
* Project:        proj
* Solution:       solution1
* Product family: zynquplus
* Target device:  xczu7ev-ffvc1156-2-e


================================================================
== Performance Estimates
================================================================
+ Timing (ns): 
    * Summary: 
    +--------+-------+----------+------------+
    |  Clock | Target| Estimated| Uncertainty|
    +--------+-------+----------+------------+
    |ap_clk  |   2.50|     1.094|        0.31|
    +--------+-------+----------+------------+

+ Latency (clock cycles): 
    * Summary: 
    +-----+-----+-----+-----+---------+
    |  Latency  |  Interval | Pipeline|
    | min | max | min | max |   Type  |
    +-----+-----+-----+-----+---------+
    |    0|    0|    0|    0|   none  |
    +-----+-----+-----+-----+---------+

    + Detail: 
        * Instance: 
        N/A

        * Loop: 
        N/A



================================================================
== Utilization Estimates
================================================================
* Summary: 
+-----------------+---------+-------+--------+--------+-----+
|       Name      | BRAM_18K| DSP48E|   FF   |   LUT  | URAM|
+-----------------+---------+-------+--------+--------+-----+
|DSP              |        -|      -|       -|       -|    -|
|Expression       |        -|      -|       0|       2|    -|
|FIFO             |        -|      -|       -|       -|    -|
|Instance         |        -|      -|       -|       -|    -|
|Memory           |        -|      -|       -|       -|    -|
|Multiplexer      |        -|      -|       -|      27|    -|
|Register         |        -|      -|       3|       -|    -|
+-----------------+---------+-------+--------+--------+-----+
|Total            |        0|      0|       3|      29|    0|
+-----------------+---------+-------+--------+--------+-----+
|Available        |      624|   1728|  460800|  230400|   96|
+-----------------+---------+-------+--------+--------+-----+
|Utilization (%)  |        0|      0|   ~0   |   ~0   |    0|
+-----------------+---------+-------+--------+--------+-----+

+ Detail: 
    * Instance: 
    N/A

    * DSP48E: 
    N/A

    * Memory: 
    N/A

    * FIFO: 
    N/A

    * Expression: 
    +-----------------+----------+-------+---+----+------------+------------+
    |  Variable Name  | Operation| DSP48E| FF| LUT| Bitwidth P0| Bitwidth P1|
    +-----------------+----------+-------+---+----+------------+------------+
    |ap_block_state1  |    or    |      0|  0|   2|           1|           1|
    +-----------------+----------+-------+---+----+------------+------------+
    |Total            |          |      0|  0|   2|           1|           1|
    +-----------------+----------+-------+---+----+------------+------------+

    * Multiplexer: 
    +-----------------------+----+-----------+-----+-----------+
    |          Name         | LUT| Input Size| Bits| Total Bits|
    +-----------------------+----+-----------+-----+-----------+
    |ap_done                |   9|          2|    1|          2|
    |config_data_V_1_blk_n  |   9|          2|    1|          2|
    |real_start             |   9|          2|    1|          2|
    +-----------------------+----+-----------+-----+-----------+
    |Total                  |  27|          6|    3|          6|
    +-----------------------+----+-----------+-----+-----------+

    * Register: 
    +----------------+---+----+-----+-----------+
    |      Name      | FF| LUT| Bits| Const Bits|
    +----------------+---+----+-----+-----------+
    |ap_CS_fsm       |  1|   0|    1|          0|
    |ap_done_reg     |  1|   0|    1|          0|
    |start_once_reg  |  1|   0|    1|          0|
    +----------------+---+----+-----+-----------+
    |Total           |  3|   0|    3|          0|
    +----------------+---+----+-----+-----------+



================================================================
== Interface
================================================================
* Summary: 
+------------------------+-----+-----+------------+----------------------+--------------+
|        RTL Ports       | Dir | Bits|  Protocol  |     Source Object    |    C Type    |
+------------------------+-----+-----+------------+----------------------+--------------+
|ap_clk                  |  in |    1| ap_ctrl_hs | fft1d.0_Block_codeRe | return value |
|ap_rst                  |  in |    1| ap_ctrl_hs | fft1d.0_Block_codeRe | return value |
|ap_start                |  in |    1| ap_ctrl_hs | fft1d.0_Block_codeRe | return value |
|start_full_n            |  in |    1| ap_ctrl_hs | fft1d.0_Block_codeRe | return value |
|ap_done                 | out |    1| ap_ctrl_hs | fft1d.0_Block_codeRe | return value |
|ap_continue             |  in |    1| ap_ctrl_hs | fft1d.0_Block_codeRe | return value |
|ap_idle                 | out |    1| ap_ctrl_hs | fft1d.0_Block_codeRe | return value |
|ap_ready                | out |    1| ap_ctrl_hs | fft1d.0_Block_codeRe | return value |
|start_out               | out |    1| ap_ctrl_hs | fft1d.0_Block_codeRe | return value |
|start_write             | out |    1| ap_ctrl_hs | fft1d.0_Block_codeRe | return value |
|config_data_V_1_din     | out |    8|   ap_fifo  |    config_data_V_1   |    pointer   |
|config_data_V_1_full_n  |  in |    1|   ap_fifo  |    config_data_V_1   |    pointer   |
|config_data_V_1_write   | out |    1|   ap_fifo  |    config_data_V_1   |    pointer   |
+------------------------+-----+-----+------------+----------------------+--------------+

