

================================================================
== Vivado HLS Report for 'fft_configuration_1'
================================================================
* Date:           Fri May  1 00:15:29 2020

* Version:        2019.1 (Build 2552052 on Fri May 24 15:28:33 MDT 2019)
* Project:        proj
* Solution:       solution1
* Product family: zynquplus
* Target device:  xczu7ev-ffvc1156-2-e


================================================================
== Performance Estimates
================================================================
+ Timing (ns): 
    * Summary: 
    +--------+-------+----------+------------+
    |  Clock | Target| Estimated| Uncertainty|
    +--------+-------+----------+------------+
    |ap_clk  |   2.50|     2.000|        0.31|
    +--------+-------+----------+------------+

+ Latency (clock cycles): 
    * Summary: 
    +-----+-----+-----+-----+---------+
    |  Latency  |  Interval | Pipeline|
    | min | max | min | max |   Type  |
    +-----+-----+-----+-----+---------+
    |  179|  179|  179|  179|   none  |
    +-----+-----+-----+-----+---------+

    + Detail: 
        * Instance: 
        N/A



================================================================
== Utilization Estimates
================================================================
* Summary: 
+-----------------+---------+-------+--------+--------+-----+
|       Name      | BRAM_18K| DSP48E|   FF   |   LUT  | URAM|
+-----------------+---------+-------+--------+--------+-----+
|DSP              |        -|      -|       -|       -|    -|
|Expression       |        -|      -|       -|       -|    -|
|FIFO             |        -|      -|       -|       -|    -|
|Instance         |        2|      0|    7060|    5301|    -|
|Memory           |        -|      -|       -|       -|    -|
|Multiplexer      |        -|      -|       -|       -|    -|
|Register         |        -|      -|       -|       -|    -|
+-----------------+---------+-------+--------+--------+-----+
|Total            |        2|      0|    7060|    5301|    0|
+-----------------+---------+-------+--------+--------+-----+
|Available        |      624|   1728|  460800|  230400|   96|
+-----------------+---------+-------+--------+--------+-----+
|Utilization (%)  |    ~0   |      0|       1|       2|    0|
+-----------------+---------+-------+--------+--------+-----+

+ Detail: 
    * Instance: 
    N/A

    * DSP48E: 
    N/A

    * Memory: 
    N/A

    * FIFO: 
    N/A

    * Expression: 
    N/A

    * Multiplexer: 
    N/A

    * Register: 
    N/A



================================================================
== Interface
================================================================
* Summary: 
+--------------------------+-----+-----+------------+----------------------+--------------+
|         RTL Ports        | Dir | Bits|  Protocol  |     Source Object    |    C Type    |
+--------------------------+-----+-----+------------+----------------------+--------------+
|ap_clk                    |  in |    1| ap_ctrl_hs | fft<configuration>.1 | return value |
|ap_rst                    |  in |    1| ap_ctrl_hs | fft<configuration>.1 | return value |
|ap_start                  |  in |    1| ap_ctrl_hs | fft<configuration>.1 | return value |
|ap_ce                     |  in |    1| ap_ctrl_hs | fft<configuration>.1 | return value |
|ap_done                   | out |    1| ap_ctrl_hs | fft<configuration>.1 | return value |
|ap_idle                   | out |    1| ap_ctrl_hs | fft<configuration>.1 | return value |
|ap_ready                  | out |    1| ap_ctrl_hs | fft<configuration>.1 | return value |
|ap_continue               |  in |    1| ap_ctrl_hs | fft<configuration>.1 | return value |
|xn_dout                   |  in |   64|   ap_fifo  |          xn          |    pointer   |
|xn_empty_n                |  in |    1|   ap_fifo  |          xn          |    pointer   |
|xn_read                   | out |    1|   ap_fifo  |          xn          |    pointer   |
|xk_din                    | out |   64|   ap_fifo  |          xk          |    pointer   |
|xk_full_n                 |  in |    1|   ap_fifo  |          xk          |    pointer   |
|xk_write                  | out |    1|   ap_fifo  |          xk          |    pointer   |
|status_data_V_din         | out |    8|   ap_fifo  |     status_data_V    |    pointer   |
|status_data_V_full_n      |  in |    1|   ap_fifo  |     status_data_V    |    pointer   |
|status_data_V_write       | out |    1|   ap_fifo  |     status_data_V    |    pointer   |
|config_ch_data_V_dout     |  in |    8|   ap_fifo  |   config_ch_data_V   |    pointer   |
|config_ch_data_V_empty_n  |  in |    1|   ap_fifo  |   config_ch_data_V   |    pointer   |
|config_ch_data_V_read     | out |    1|   ap_fifo  |   config_ch_data_V   |    pointer   |
+--------------------------+-----+-----+------------+----------------------+--------------+

