

================================================================
== Vivado HLS Report for 'Loop_l_rd_xn_proc23'
================================================================
* Date:           Fri May  1 00:15:26 2020

* Version:        2019.1 (Build 2552052 on Fri May 24 15:28:33 MDT 2019)
* Project:        proj
* Solution:       solution1
* Product family: zynquplus
* Target device:  xczu7ev-ffvc1156-2-e


================================================================
== Performance Estimates
================================================================
+ Timing (ns): 
    * Summary: 
    +--------+-------+----------+------------+
    |  Clock | Target| Estimated| Uncertainty|
    +--------+-------+----------+------------+
    |ap_clk  |   2.50|     1.094|        0.31|
    +--------+-------+----------+------------+

+ Latency (clock cycles): 
    * Summary: 
    +------+------+------+------+---------+
    |   Latency   |   Interval  | Pipeline|
    |  min |  max |  min |  max |   Type  |
    +------+------+------+------+---------+
    |  1026|  1026|  1026|  1026|   none  |
    +------+------+------+------+---------+

    + Detail: 
        * Instance: 
        N/A

        * Loop: 
        +-----------+------+------+----------+-----------+-----------+------+----------+
        |           |   Latency   | Iteration|  Initiation Interval  | Trip |          |
        | Loop Name |  min |  max |  Latency |  achieved |   target  | Count| Pipelined|
        +-----------+------+------+----------+-----------+-----------+------+----------+
        |- l_rd_xn  |  1024|  1024|         2|          1|          1|  1024|    yes   |
        +-----------+------+------+----------+-----------+-----------+------+----------+



================================================================
== Utilization Estimates
================================================================
* Summary: 
+-----------------+---------+-------+--------+--------+-----+
|       Name      | BRAM_18K| DSP48E|   FF   |   LUT  | URAM|
+-----------------+---------+-------+--------+--------+-----+
|DSP              |        -|      -|       -|       -|    -|
|Expression       |        -|      -|       0|      55|    -|
|FIFO             |        -|      -|       -|       -|    -|
|Instance         |        -|      -|       -|       -|    -|
|Memory           |        -|      -|       -|       -|    -|
|Multiplexer      |        -|      -|       -|     120|    -|
|Register         |        -|      -|     217|       -|    -|
+-----------------+---------+-------+--------+--------+-----+
|Total            |        0|      0|     217|     175|    0|
+-----------------+---------+-------+--------+--------+-----+
|Available        |      624|   1728|  460800|  230400|   96|
+-----------------+---------+-------+--------+--------+-----+
|Utilization (%)  |        0|      0|   ~0   |   ~0   |    0|
+-----------------+---------+-------+--------+--------+-----+

+ Detail: 
    * Instance: 
    N/A

    * DSP48E: 
    N/A

    * Memory: 
    N/A

    * FIFO: 
    N/A

    * Expression: 
    +----------------------------------+----------+-------+---+----+------------+------------+
    |           Variable Name          | Operation| DSP48E| FF| LUT| Bitwidth P0| Bitwidth P1|
    +----------------------------------+----------+-------+---+----+------------+------------+
    |i_fu_96_p2                        |     +    |      0|  0|  18|          11|           1|
    |ap_block_state2_pp0_stage0_iter0  |    and   |      0|  0|   2|           1|           1|
    |ap_block_state3_pp0_stage0_iter1  |    and   |      0|  0|   2|           1|           1|
    |xn_data_0_load_A                  |    and   |      0|  0|   2|           1|           1|
    |xn_data_0_load_B                  |    and   |      0|  0|   2|           1|           1|
    |icmp_ln118_fu_90_p2               |   icmp   |      0|  0|  13|          11|          12|
    |xn_data_0_state_cmp_full          |   icmp   |      0|  0|   8|           2|           1|
    |ap_block_pp0_stage0_01001         |    or    |      0|  0|   2|           1|           1|
    |ap_block_state1                   |    or    |      0|  0|   2|           1|           1|
    |ap_enable_pp0                     |    xor   |      0|  0|   2|           1|           2|
    |ap_enable_reg_pp0_iter1           |    xor   |      0|  0|   2|           2|           1|
    +----------------------------------+----------+-------+---+----+------------+------------+
    |Total                             |          |      0|  0|  55|          33|          23|
    +----------------------------------+----------+-------+---+----+------------+------------+

    * Multiplexer: 
    +-------------------------+----+-----------+-----+-----------+
    |           Name          | LUT| Input Size| Bits| Total Bits|
    +-------------------------+----+-----------+-----+-----------+
    |ap_NS_fsm                |  21|          4|    1|          4|
    |ap_done                  |   9|          2|    1|          2|
    |ap_enable_reg_pp0_iter1  |  15|          3|    1|          3|
    |i_0_i_i_reg_79           |   9|          2|   11|         22|
    |real_start               |   9|          2|    1|          2|
    |xn_TDATA_blk_n           |   9|          2|    1|          2|
    |xn_data_0_data_out       |   9|          2|   64|        128|
    |xn_data_0_state          |  15|          3|    2|          6|
    |xn_fifo_V_blk_n          |   9|          2|    1|          2|
    |xn_last_0_state          |  15|          3|    2|          6|
    +-------------------------+----+-----------+-----+-----------+
    |Total                    | 120|         25|   85|        177|
    +-------------------------+----+-----------+-----+-----------+

    * Register: 
    +-------------------------+----+----+-----+-----------+
    |           Name          | FF | LUT| Bits| Const Bits|
    +-------------------------+----+----+-----+-----------+
    |ap_CS_fsm                |   3|   0|    3|          0|
    |ap_done_reg              |   1|   0|    1|          0|
    |ap_enable_reg_pp0_iter0  |   1|   0|    1|          0|
    |ap_enable_reg_pp0_iter1  |   1|   0|    1|          0|
    |i_0_i_i_reg_79           |  11|   0|   11|          0|
    |icmp_ln118_reg_106       |   1|   0|    1|          0|
    |start_once_reg           |   1|   0|    1|          0|
    |tmp_reg_115              |  64|   0|   64|          0|
    |xn_data_0_payload_A      |  64|   0|   64|          0|
    |xn_data_0_payload_B      |  64|   0|   64|          0|
    |xn_data_0_sel_rd         |   1|   0|    1|          0|
    |xn_data_0_sel_wr         |   1|   0|    1|          0|
    |xn_data_0_state          |   2|   0|    2|          0|
    |xn_last_0_state          |   2|   0|    2|          0|
    +-------------------------+----+----+-----+-----------+
    |Total                    | 217|   0|  217|          0|
    +-------------------------+----+----+-----+-----------+



================================================================
== Interface
================================================================
* Summary: 
+------------------+-----+-----+------------+---------------------+--------------+
|     RTL Ports    | Dir | Bits|  Protocol  |    Source Object    |    C Type    |
+------------------+-----+-----+------------+---------------------+--------------+
|ap_clk            |  in |    1| ap_ctrl_hs | Loop_l_rd_xn_proc23 | return value |
|ap_rst            |  in |    1| ap_ctrl_hs | Loop_l_rd_xn_proc23 | return value |
|ap_start          |  in |    1| ap_ctrl_hs | Loop_l_rd_xn_proc23 | return value |
|start_full_n      |  in |    1| ap_ctrl_hs | Loop_l_rd_xn_proc23 | return value |
|ap_done           | out |    1| ap_ctrl_hs | Loop_l_rd_xn_proc23 | return value |
|ap_continue       |  in |    1| ap_ctrl_hs | Loop_l_rd_xn_proc23 | return value |
|ap_idle           | out |    1| ap_ctrl_hs | Loop_l_rd_xn_proc23 | return value |
|ap_ready          | out |    1| ap_ctrl_hs | Loop_l_rd_xn_proc23 | return value |
|start_out         | out |    1| ap_ctrl_hs | Loop_l_rd_xn_proc23 | return value |
|start_write       | out |    1| ap_ctrl_hs | Loop_l_rd_xn_proc23 | return value |
|xn_TDATA          |  in |   64|    axis    |       xn_data       |    pointer   |
|xn_TVALID         |  in |    1|    axis    |       xn_last       |    pointer   |
|xn_TREADY         | out |    1|    axis    |       xn_last       |    pointer   |
|xn_TLAST          |  in |    1|    axis    |       xn_last       |    pointer   |
|xn_fifo_V_din     | out |   64|   ap_fifo  |      xn_fifo_V      |    pointer   |
|xn_fifo_V_full_n  |  in |    1|   ap_fifo  |      xn_fifo_V      |    pointer   |
|xn_fifo_V_write   | out |    1|   ap_fifo  |      xn_fifo_V      |    pointer   |
+------------------+-----+-----+------------+---------------------+--------------+

